<?xml version="1.0" encoding="UTF-8"?>
<!-- Generated by org.testng.reporters.JUnitXMLReporter -->
<testsuite ignored="7" hostname="DESKTOP-0RGRRE5" failures="0" tests="1" name="Default test" time="82.495" errors="0" timestamp="2022-12-10T09:10:38 IST">
  <testcase classname="com.SGS.Test.LoginTest" name="Loginpage" time="15.1"/>
  <testcase classname="com.SGS.Test.LoginTest" name="LoginWithWrongNumericPassword" time="0.0">
    <ignored/>
  </testcase> <!-- LoginWithWrongNumericPassword -->
  <testcase classname="com.SGS.Test.LoginTest" name="LoginWithWrongAlphaNumericPassword" time="0.0">
    <ignored/>
  </testcase> <!-- LoginWithWrongAlphaNumericPassword -->
  <testcase classname="com.SGS.Test.LoginTest" name="LoginWithoutPassword" time="0.0">
    <ignored/>
  </testcase> <!-- LoginWithoutPassword -->
  <testcase classname="com.SGS.Test.LoginTest" name="LoginWithWrongAlphaNumericEmailTest" time="0.0">
    <ignored/>
  </testcase> <!-- LoginWithWrongAlphaNumericEmailTest -->
  <testcase classname="com.SGS.Test.LoginTest" name="LoginWithoutId" time="0.0">
    <ignored/>
  </testcase> <!-- LoginWithoutId -->
  <testcase classname="com.SGS.Test.LoginTest" name="LoginWithoutSignIn" time="0.0">
    <ignored/>
  </testcase> <!-- LoginWithoutSignIn -->
  <testcase classname="com.SGS.Test.LoginTest" name="LoginWithWrongNumericEmail" time="0.0">
    <ignored/>
  </testcase> <!-- LoginWithWrongNumericEmail -->
</testsuite> <!-- Default test -->
