<?xml version="1.0" encoding="UTF-8"?>
<!-- Generated by org.testng.reporters.JUnitXMLReporter -->
<testsuite ignored="0" hostname="DESKTOP-0RGRRE5" failures="0" tests="19" name="Test" time="227.366" errors="0" timestamp="2022-12-02T14:00:54 IST">
  <testcase classname="com.SGS.Test.LoginTest" name="Loginpage" time="15.788"/>
  <testcase classname="com.SGS.Test.LoginTest" name="LoginWithoutPassword" time="5.943"/>
  <testcase classname="com.SGS.Test.LoginTest" name="LoginWithoutId" time="5.345"/>
  <testcase classname="com.SGS.Test.LoginTest" name="LoginWithWrongAlphaNumericEmailTest" time="5.34"/>
  <testcase classname="com.SGS.Test.LoginTest" name="LoginWithoutSignIn" time="5.795"/>
  <testcase classname="com.SGS.Test.LoginTest" name="LoginWithWrongAlphaNumericPassword" time="5.388"/>
  <testcase classname="com.SGS.Test.LoginTest" name="LoginWithWrongNumericEmail" time="5.274"/>
  <testcase classname="com.SGS.Test.LoginTest" name="LoginWithWrongNumericPassword" time="5.065"/>
  <testcase classname="com.SGS.Test.SignupTest" name="SignupPageTest" time="9.712"/>
  <testcase classname="com.SGS.Test.SignupTest" name="SignupPageWithoutNameTest" time="9.706"/>
  <testcase classname="com.SGS.Test.SignupTest" name="SignupPageWithoutsignUpTest" time="33.853"/>
  <testcase classname="com.SGS.Test.SignupTest" name="SignupPagewithoutPasswordTest" time="8.841"/>
  <testcase classname="com.SGS.Test.SignupTest" name="SignupPagewithoutConfirmPasswordTest" time="6.761"/>
  <testcase classname="com.SGS.Test.SignupTest" name="SignupPagewith_name_signupTest" time="5.38"/>
  <testcase classname="com.SGS.Test.SignupTest" name="SignupPagewithoutEmailTest" time="5.555"/>
  <testcase classname="com.SGS.Test.ProfileTest" name="PersonalizationTest" time="41.839"/>
  <testcase classname="com.SGS.Test.ProfileTest" name="ChangePasswordTest" time="5.948"/>
  <testcase classname="com.SGS.Test.ProfileTest" name="TagTest" time="5.578"/>
  <testcase classname="com.SGS.Test.ProfileTest" name="DevloperOptionTest" time="3.305"/>
</testsuite> <!-- Test -->
